<?xml version="1.0" encoding="UTF-8"?>
<!-- Generated by org.testng.reporters.JUnitReportReporter -->
<testsuite hostname="DESKTOP-GUKBSC8" failures="0" tests="1" name="tests.TestPage" time="0.411" errors="0" timestamp="2025-07-12T11:06:43 EEST" skipped="0">
  <testcase classname="tests.TestPage" name="positiveLoginScenario" time="0.411"/>
</testsuite> <!-- tests.TestPage -->
